<?xml version="1.0" encoding="UTF-8"?>
<!-- Generated by org.testng.reporters.JUnitReportReporter -->
<testsuite hostname="Subhash-PC" failures="0" tests="2" name="com.hrm.testcases.AdminLoginTest" time="17.872" errors="0" timestamp="2023-01-08T18:55:54 IST" skipped="0">
  <testcase classname="com.hrm.testcases.AdminLoginTest" name="hrmAdminLogin" time="8.874"/>
  <system-out/>
  <testcase classname="com.hrm.testcases.AdminLoginTest" name="hrmAdminLogin" time="8.998"/>
  <system-out/>
</testsuite> <!-- com.hrm.testcases.AdminLoginTest -->
