<?xml version="1.0" encoding="UTF-8"?>
<!-- Generated by org.testng.reporters.JUnitReportReporter -->
<testsuite hostname="Subhash-PC" failures="0" tests="1" name="com.hrm.testcases.VerifyForgotPassword" time="3.875" errors="0" timestamp="2023-01-06T11:11:37 IST" skipped="0">
  <testcase classname="com.hrm.testcases.VerifyForgotPassword" name="passWordRest" time="3.875"/>
  <system-out/>
</testsuite> <!-- com.hrm.testcases.VerifyForgotPassword -->
