<?xml version="1.0" encoding="UTF-8"?>
<!-- Generated by org.testng.reporters.JUnitReportReporter -->
<testsuite hostname="Subhash-PC" failures="0" tests="2" name="com.hrm.testcases.HrmLogin" time="11.301" errors="0" timestamp="2023-01-05T21:30:50 IST" skipped="0">
  <testcase classname="com.hrm.testcases.HrmLogin" name="hrmAdminLogin" time="6.786"/>
  <system-out/>
  <testcase classname="com.hrm.testcases.HrmLogin" name="hrmAdminLogin" time="4.515"/>
  <system-out/>
</testsuite> <!-- com.hrm.testcases.HrmLogin -->
