<?xml version="1.0" encoding="UTF-8"?>
<!-- Generated by org.testng.reporters.JUnitReportReporter -->
<testsuite hostname="Subhash-PC" failures="0" tests="2" name="com.hrm.testcases.HrmLogin" time="12.361" errors="0" timestamp="2023-01-06T17:19:25 IST" skipped="0">
  <testcase classname="com.hrm.testcases.HrmLogin" name="hrmAdminLogin" time="7.637"/>
  <system-out/>
  <testcase classname="com.hrm.testcases.HrmLogin" name="hrmAdminLogin" time="4.724"/>
  <system-out/>
</testsuite> <!-- com.hrm.testcases.HrmLogin -->
