<?xml version="1.0" encoding="UTF-8"?>
<!-- Generated by org.testng.reporters.JUnitReportReporter -->
<testsuite hostname="Subhash-PC" failures="0" tests="1" name="com.hrm.testcases.VerifyForgotPassword" time="4.491" errors="0" timestamp="2023-01-06T13:04:44 IST" skipped="0">
  <testcase classname="com.hrm.testcases.VerifyForgotPassword" name="passWordRest" time="4.491"/>
  <system-out/>
</testsuite> <!-- com.hrm.testcases.VerifyForgotPassword -->
